{
  "stats": {
    "suites": 1,
    "tests": 1,
    "passes": 1,
    "pending": 0,
    "failures": 0,
    "start": "2022-05-13T19:27:00.758Z",
    "end": "2022-05-13T19:27:00.948Z",
    "duration": 190,
    "testsRegistered": 1,
    "passPercent": 100,
    "pendingPercent": 0,
    "other": 0,
    "hasOther": false,
    "skipped": 0,
    "hasSkipped": false
  },
  "results": [
    {
      "uuid": "204752a6-a304-45bf-9b17-525042a0cd4f",
      "title": "",
      "fullFile": "cypress/integration/login.spec.js",
      "file": "cypress/integration/login.spec.js",
      "beforeHooks": [],
      "afterHooks": [],
      "tests": [],
      "suites": [
        {
          "uuid": "a1fe9e71-065a-4b82-bc9b-4ee646c11902",
          "title": "Teste da API SERVEREST",
          "fullFile": "",
          "file": "",
          "beforeHooks": [],
          "afterHooks": [],
          "tests": [
            {
              "title": "Deve fazer login com sucesso",
              "fullTitle": "Teste da API SERVEREST Deve fazer login com sucesso",
              "timedOut": null,
              "duration": 160,
              "state": "passed",
              "speed": "fast",
              "pass": true,
              "fail": false,
              "pending": false,
              "context": null,
              "code": "cy.request({\n  method: 'POST',\n  url: 'http://localhost:3000/login',\n  body: {\n    \"email\": \"fulano@qa.com\",\n    \"password\": \"teste\"\n  }\n}).then(response => {\n  expect(response.status).equal(200);\n  expect(response.body.message).equal('Login realizado com sucesso');\n  cy.log(response.body.authorization);\n});",
              "err": {},
              "uuid": "8ba60bcc-18db-4248-879a-08dcefb8239e",
              "parentUUID": "a1fe9e71-065a-4b82-bc9b-4ee646c11902",
              "isHook": false,
              "skipped": false
            }
          ],
          "suites": [],
          "passes": [
            "8ba60bcc-18db-4248-879a-08dcefb8239e"
          ],
          "failures": [],
          "pending": [],
          "skipped": [],
          "duration": 160,
          "root": false,
          "rootEmpty": false,
          "_timeout": 2000
        }
      ],
      "passes": [],
      "failures": [],
      "pending": [],
      "skipped": [],
      "duration": 0,
      "root": true,
      "rootEmpty": true,
      "_timeout": 2000
    }
  ],
  "meta": {
    "mocha": {
      "version": "7.0.1"
    },
    "mochawesome": {
      "options": {
        "quiet": false,
        "reportFilename": "mochawesome",
        "saveHtml": false,
        "saveJson": true,
        "consoleReporter": "spec",
        "useInlineDiffs": false,
        "code": true
      },
      "version": "7.1.3"
    },
    "marge": {
      "options": {
        "reportDir": "mochawesome-report",
        "overwrite": false,
        "html": false,
        "json": true
      },
      "version": "6.2.0"
    }
  }
}